<?xml version="1.0" encoding="UTF-8"?>
<!-- Generated by org.testng.reporters.JUnitReportReporter -->
<testsuite hostname="LAPTOP-B8TJUCIE" failures="0" tests="1" name="com.HMS.TestCases.TC_CreateDoctor" time="4.298" errors="0" timestamp="2023-12-01T14:29:26 IST" skipped="0">
  <testcase classname="com.HMS.TestCases.TC_CreateDoctor" name="createDoctor" time="4.298"/>
  <system-out/>
</testsuite> <!-- com.HMS.TestCases.TC_CreateDoctor -->
