<?xml version="1.0" encoding="UTF-8"?>
<!-- Generated by org.testng.reporters.JUnitReportReporter -->
<testsuite hostname="LAPTOP-B8TJUCIE" failures="0" tests="1" name="com.HMS.TestCases.TC_CheckDoctorAvailibilty" time="6.629" errors="0" timestamp="2023-12-04T10:45:58 IST" skipped="0">
  <testcase classname="com.HMS.TestCases.TC_CheckDoctorAvailibilty" name="checkDoctorAvailibilty" time="6.629"/>
  <system-out/>
</testsuite> <!-- com.HMS.TestCases.TC_CheckDoctorAvailibilty -->
