<?xml version="1.0" encoding="UTF-8"?>
<!-- Generated by org.testng.reporters.JUnitReportReporter -->
<testsuite hostname="LAPTOP-B8TJUCIE" failures="0" tests="2" name="com.HMS.TestCases.TC_AddAppointment" time="17.051" errors="0" timestamp="2023-12-08T13:04:20 IST" skipped="0">
  <testcase classname="com.HMS.TestCases.TC_AddAppointment" name="currentDateAppointment" time="9.527"/>
  <system-out/>
  <testcase classname="com.HMS.TestCases.TC_AddAppointment" name="bookUpcominAppointment" time="7.524"/>
  <system-out/>
</testsuite> <!-- com.HMS.TestCases.TC_AddAppointment -->
