<?xml version="1.0" encoding="UTF-8"?>
<!-- Generated by org.testng.reporters.JUnitReportReporter -->
<testsuite hostname="LAPTOP-B8TJUCIE" failures="0" tests="1" name="com.HMS.TestCases.TC_VerifyUpdatedAppointment" time="18.642" errors="0" timestamp="2023-12-11T10:24:04 IST" skipped="0">
  <testcase classname="com.HMS.TestCases.TC_VerifyUpdatedAppointment" name="verifyUpdatedAppointment" time="18.642"/>
  <system-out/>
</testsuite> <!-- com.HMS.TestCases.TC_VerifyUpdatedAppointment -->
